<?xml version="1.0" encoding="UTF-8"?>
<testng-results skipped="0" failed="1" ignored="0" total="3" passed="2">
  <reporter-output>
  </reporter-output>
  <suite name="Test Suite" duration-ms="8642" started-at="2018-03-09T10:02:18Z" finished-at="2018-03-09T10:02:27Z">
    <groups>
    </groups>
    <test name="Api Tests" duration-ms="8642" started-at="2018-03-09T10:02:18Z" finished-at="2018-03-09T10:02:27Z">
      <class name="demo.example.SimpleTestProject.apitests.ApiTests">
        <test-method status="PASS" signature="initPath()[pri:0, instance:demo.example.SimpleTestProject.apitests.ApiTests@6a1aab78]" name="initPath" is-config="true" duration-ms="736" started-at="2018-03-09T11:02:18Z" finished-at="2018-03-09T11:02:19Z">
          <reporter-output>
          </reporter-output>
        </test-method> <!-- initPath -->
        <test-method status="PASS" signature="checkEveryComponentHasAnalyticsData()[pri:0, instance:demo.example.SimpleTestProject.apitests.ApiTests@6a1aab78]" name="checkEveryComponentHasAnalyticsData" duration-ms="3668" started-at="2018-03-09T11:02:19Z" finished-at="2018-03-09T11:02:23Z">
          <reporter-output>
          </reporter-output>
        </test-method> <!-- checkEveryComponentHasAnalyticsData -->
        <test-method status="PASS" signature="checkImagesAccessibility()[pri:0, instance:demo.example.SimpleTestProject.apitests.ApiTests@6a1aab78]" name="checkImagesAccessibility" duration-ms="2962" started-at="2018-03-09T11:02:23Z" finished-at="2018-03-09T11:02:26Z">
          <reporter-output>
          </reporter-output>
        </test-method> <!-- checkImagesAccessibility -->
        <test-method status="FAIL" signature="checkResponseTimeBellowSecond()[pri:0, instance:demo.example.SimpleTestProject.apitests.ApiTests@6a1aab78]" name="checkResponseTimeBellowSecond" duration-ms="1223" started-at="2018-03-09T11:02:26Z" finished-at="2018-03-09T11:02:27Z">
          <exception class="java.lang.AssertionError">
            <message>
              <![CDATA[1 expectation failed.Expected response time was not a value less than <1000L> milliseconds, was 1182 milliseconds (1182 milliseconds).]]>
            </message>
            <full-stacktrace>
              <![CDATA[java.lang.AssertionError: 1 expectation failed.Expected response time was not a value less than <1000L> milliseconds, was 1182 milliseconds (1182 milliseconds).at sun.reflect.NativeConstructorAccessorImpl.newInstance0(Native Method)at sun.reflect.NativeConstructorAccessorImpl.newInstance(NativeConstructorAccessorImpl.java:62)at sun.reflect.DelegatingConstructorAccessorImpl.newInstance(DelegatingConstructorAccessorImpl.java:45)at java.lang.reflect.Constructor.newInstance(Constructor.java:423)at org.codehaus.groovy.reflection.CachedConstructor.invoke(CachedConstructor.java:83)at org.codehaus.groovy.reflection.CachedConstructor.doConstructorInvoke(CachedConstructor.java:77)at org.codehaus.groovy.runtime.callsite.ConstructorSite$ConstructorSiteNoUnwrap.callConstructor(ConstructorSite.java:84)at org.codehaus.groovy.runtime.callsite.CallSiteArray.defaultCallConstructor(CallSiteArray.java:60)at org.codehaus.groovy.runtime.callsite.AbstractCallSite.callConstructor(AbstractCallSite.java:235)at org.codehaus.groovy.runtime.callsite.AbstractCallSite.callConstructor(AbstractCallSite.java:247)at io.restassured.internal.ResponseSpecificationImpl$HamcrestAssertionClosure.validate(ResponseSpecificationImpl.groovy:482)at io.restassured.internal.ResponseSpecificationImpl$HamcrestAssertionClosure$validate$1.call(Unknown Source)at io.restassured.internal.ResponseSpecificationImpl.validateResponseIfRequired(ResponseSpecificationImpl.groovy:654)at sun.reflect.GeneratedMethodAccessor62.invoke(Unknown Source)at sun.reflect.DelegatingMethodAccessorImpl.invoke(DelegatingMethodAccessorImpl.java:43)at java.lang.reflect.Method.invoke(Method.java:498)at org.codehaus.groovy.runtime.callsite.PogoMetaMethodSite$PogoCachedMethodSiteNoUnwrapNoCoerce.invoke(PogoMetaMethodSite.java:210)at org.codehaus.groovy.runtime.callsite.PogoMetaMethodSite.callCurrent(PogoMetaMethodSite.java:59)at org.codehaus.groovy.runtime.callsite.AbstractCallSite.callCurrent(AbstractCallSite.java:166)at io.restassured.internal.ResponseSpecificationImpl.time(ResponseSpecificationImpl.groovy:116)at io.restassured.internal.ValidatableResponseOptionsImpl.time(ValidatableResponseOptionsImpl.java:438)at demo.example.SimpleTestProject.apitests.ApiTests.checkResponseTimeBellowSecond(ApiTests.java:45)at sun.reflect.NativeMethodAccessorImpl.invoke0(Native Method)at sun.reflect.NativeMethodAccessorImpl.invoke(NativeMethodAccessorImpl.java:62)at sun.reflect.DelegatingMethodAccessorImpl.invoke(DelegatingMethodAccessorImpl.java:43)at java.lang.reflect.Method.invoke(Method.java:498)at org.testng.internal.MethodInvocationHelper.invokeMethod(MethodInvocationHelper.java:124)at org.testng.internal.Invoker.invokeMethod(Invoker.java:571)at org.testng.internal.Invoker.invokeTestMethod(Invoker.java:707)at org.testng.internal.Invoker.invokeTestMethods(Invoker.java:979)at org.testng.internal.TestMethodWorker.invokeTestMethods(TestMethodWorker.java:125)at org.testng.internal.TestMethodWorker.run(TestMethodWorker.java:109)at org.testng.TestRunner.privateRun(TestRunner.java:648)at org.testng.TestRunner.run(TestRunner.java:505)at org.testng.SuiteRunner.runTest(SuiteRunner.java:455)at org.testng.SuiteRunner.runSequentially(SuiteRunner.java:450)at org.testng.SuiteRunner.privateRun(SuiteRunner.java:415)at org.testng.SuiteRunner.run(SuiteRunner.java:364)at org.testng.SuiteRunnerWorker.runSuite(SuiteRunnerWorker.java:52)at org.testng.SuiteRunnerWorker.run(SuiteRunnerWorker.java:84)at org.testng.TestNG.runSuitesSequentially(TestNG.java:1187)at org.testng.TestNG.runSuitesLocally(TestNG.java:1116)at org.testng.TestNG.runSuites(TestNG.java:1028)at org.testng.TestNG.run(TestNG.java:996)at org.testng.remote.AbstractRemoteTestNG.run(AbstractRemoteTestNG.java:114)at org.testng.remote.RemoteTestNG.initAndRun(RemoteTestNG.java:251)at org.testng.remote.RemoteTestNG.main(RemoteTestNG.java:77)]]>
            </full-stacktrace>
          </exception> <!-- java.lang.AssertionError -->
          <reporter-output>
          </reporter-output>
        </test-method> <!-- checkResponseTimeBellowSecond -->
      </class> <!-- demo.example.SimpleTestProject.apitests.ApiTests -->
    </test> <!-- Api Tests -->
  </suite> <!-- Test Suite -->
</testng-results>
